c:\users\hp\documents\programming\cpp\meteor\build\bin-int\debug\meteor\windows x86_64\meteor.pdb
c:\users\hp\documents\programming\cpp\meteor\build\bin-int\debug\meteor\windows x86_64\mesh.obj
c:\users\hp\documents\programming\cpp\meteor\build\bin-int\debug\meteor\windows x86_64\image.obj
c:\users\hp\documents\programming\cpp\meteor\build\bin-int\debug\meteor\windows x86_64\camera_3d.obj
c:\users\hp\documents\programming\cpp\meteor\build\bin-int\debug\meteor\windows x86_64\camera_2d.obj
c:\users\hp\documents\programming\cpp\meteor\build\bin-int\debug\meteor\windows x86_64\window.obj
c:\users\hp\documents\programming\cpp\meteor\build\bin-int\debug\meteor\windows x86_64\utils.obj
c:\users\hp\documents\programming\cpp\meteor\build\bin-int\debug\meteor\windows x86_64\thread_pool.obj
c:\users\hp\documents\programming\cpp\meteor\build\bin-int\debug\meteor\windows x86_64\glfw.obj
c:\users\hp\documents\programming\cpp\meteor\build\bin-int\debug\meteor\windows x86_64\fps_limiter.obj
c:\users\hp\documents\programming\cpp\meteor\build\bin-int\debug\meteor\windows x86_64\errors.obj
c:\users\hp\documents\programming\cpp\meteor\build\bin-int\debug\meteor\windows x86_64\config.obj
c:\users\hp\documents\programming\cpp\meteor\build\bin-int\debug\meteor\windows x86_64\benchmark.obj
c:\users\hp\documents\programming\cpp\meteor\build\bin-int\debug\meteor\windows x86_64\application.obj
c:\users\hp\documents\programming\cpp\meteor\build\bin-int\debug\meteor\windows x86_64\openal.obj
c:\users\hp\documents\programming\cpp\meteor\build\bin-int\debug\meteor\windows x86_64\audio_stream.obj
c:\users\hp\documents\programming\cpp\meteor\build\bin-int\debug\meteor\windows x86_64\audio_source.obj
c:\users\hp\documents\programming\cpp\meteor\build\bin-int\debug\meteor\windows x86_64\audio_engine.obj
c:\users\hp\documents\programming\cpp\meteor\build\bin-int\debug\meteor\windows x86_64\audio_decoder.obj
c:\users\hp\documents\programming\cpp\meteor\build\bin-int\debug\meteor\windows x86_64\audio_data.obj
c:\users\hp\documents\programming\cpp\meteor\build\bin-int\debug\meteor\windows x86_64\audio_buffer.obj
c:\users\hp\documents\programming\cpp\meteor\build\bin-int\debug\meteor\windows x86_64\gui_shape_renderer.obj
c:\users\hp\documents\programming\cpp\meteor\build\bin-int\debug\meteor\windows x86_64\gui_renderer.obj
c:\users\hp\documents\programming\cpp\meteor\build\bin-int\debug\meteor\windows x86_64\cubemap_renderer.obj
c:\users\hp\documents\programming\cpp\meteor\build\bin-int\debug\meteor\windows x86_64\vertex_layout.obj
c:\users\hp\documents\programming\cpp\meteor\build\bin-int\debug\meteor\windows x86_64\vertex_array.obj
c:\users\hp\documents\programming\cpp\meteor\build\bin-int\debug\meteor\windows x86_64\texture_2d.obj
c:\users\hp\documents\programming\cpp\meteor\build\bin-int\debug\meteor\windows x86_64\shader_sources.obj
c:\users\hp\documents\programming\cpp\meteor\build\bin-int\debug\meteor\windows x86_64\shader.obj
c:\users\hp\documents\programming\cpp\meteor\build\bin-int\debug\meteor\windows x86_64\renderbuffer.obj
c:\users\hp\documents\programming\cpp\meteor\build\bin-int\debug\meteor\windows x86_64\render_settings.obj
c:\users\hp\documents\programming\cpp\meteor\build\bin-int\debug\meteor\windows x86_64\program.obj
c:\users\hp\documents\programming\cpp\meteor\build\bin-int\debug\meteor\windows x86_64\index_buffer.obj
c:\users\hp\documents\programming\cpp\meteor\build\bin-int\debug\meteor\windows x86_64\framebuffer.obj
c:\users\hp\documents\programming\cpp\meteor\build\bin-int\debug\meteor\windows x86_64\drawing.obj
c:\users\hp\documents\programming\cpp\meteor\build\bin-int\debug\meteor\windows x86_64\cubemap_texture.obj
c:\users\hp\documents\programming\cpp\meteor\build\bin-int\debug\meteor\windows x86_64\context.obj
c:\users\hp\documents\programming\cpp\meteor\build\bin-int\debug\meteor\windows x86_64\buffer.obj
c:\users\hp\documents\programming\cpp\meteor\build\bin-int\debug\meteor\windows x86_64\binding_data.obj
c:\users\hp\documents\programming\cpp\meteor\build\bin-int\debug\meteor\windows x86_64\model_loader.obj
c:\users\hp\documents\programming\cpp\meteor\build\bin-int\debug\meteor\windows x86_64\model.obj
c:\users\hp\documents\programming\cpp\meteor\build\bin-int\debug\meteor\windows x86_64\format.obj
c:\users\hp\documents\programming\cpp\meteor\build\bin-int\debug\meteor\windows x86_64\math.obj
c:\users\hp\documents\programming\cpp\meteor\build\bin-int\debug\meteor\windows x86_64\scroll_event.obj
c:\users\hp\documents\programming\cpp\meteor\build\bin-int\debug\meteor\windows x86_64\resize_event.obj
c:\users\hp\documents\programming\cpp\meteor\build\bin-int\debug\meteor\windows x86_64\mouse_event.obj
c:\users\hp\documents\programming\cpp\meteor\build\bin-int\debug\meteor\windows x86_64\modifiers.obj
c:\users\hp\documents\programming\cpp\meteor\build\bin-int\debug\meteor\windows x86_64\key_event.obj
c:\users\hp\documents\programming\cpp\meteor\build\bin-int\debug\meteor\windows x86_64\input_axis.obj
c:\users\hp\documents\programming\cpp\meteor\build\bin-int\debug\meteor\windows x86_64\button_event.obj
c:\users\hp\documents\programming\cpp\meteor\build\bin-int\debug\meteor\windows x86_64\widget.obj
c:\users\hp\documents\programming\cpp\meteor\build\bin-int\debug\meteor\windows x86_64\panel.obj
c:\users\hp\documents\programming\cpp\meteor\build\bin-int\debug\meteor\windows x86_64\label.obj
c:\users\hp\documents\programming\cpp\meteor\build\bin-int\debug\meteor\windows x86_64\grid_panel.obj
c:\users\hp\documents\programming\cpp\meteor\build\bin-int\debug\meteor\windows x86_64\font.obj
c:\users\hp\documents\programming\cpp\meteor\build\bin-int\debug\meteor\windows x86_64\button.obj
c:\users\hp\documents\programming\cpp\meteor\build\bin-int\debug\meteor\windows x86_64\text.obj
c:\users\hp\documents\programming\cpp\meteor\build\bin-int\debug\meteor\windows x86_64\texture_renderer_2d.obj
c:\users\hp\documents\programming\cpp\meteor\build\bin-int\debug\meteor\windows x86_64\shape_renderer_2d.obj
c:\users\hp\documents\programming\cpp\meteor\build\bin-int\debug\meteor\windows x86_64\point_light_renderer.obj
c:\users\hp\documents\programming\cpp\meteor\build\bin-int\debug\meteor\windows x86_64\gui_text_renderer.obj
c:\users\hp\documents\programming\cpp\meteor\build\bin-int\debug\meteor\windows x86_64\posix.obj
c:\users\hp\documents\programming\cpp\meteor\build\bin-int\debug\meteor\windows x86_64\stb_vorbis.obj
c:\users\hp\documents\programming\cpp\meteor\build\bin-int\debug\meteor\windows x86_64\stb_image.obj
c:\users\hp\documents\programming\cpp\meteor\build\bin-int\debug\meteor\windows x86_64\glad.obj
c:\users\hp\documents\programming\cpp\meteor\build\bin\debug\meteor\windows x86_64\meteor.lib
c:\users\hp\documents\programming\cpp\meteor\build\bin-int\debug\meteor\windows x86_64\meteor.tlog\cl.command.1.tlog
c:\users\hp\documents\programming\cpp\meteor\build\bin-int\debug\meteor\windows x86_64\meteor.tlog\cl.read.1.tlog
c:\users\hp\documents\programming\cpp\meteor\build\bin-int\debug\meteor\windows x86_64\meteor.tlog\cl.write.1.tlog
c:\users\hp\documents\programming\cpp\meteor\build\bin-int\debug\meteor\windows x86_64\meteor.tlog\lib-link.read.1.tlog
c:\users\hp\documents\programming\cpp\meteor\build\bin-int\debug\meteor\windows x86_64\meteor.tlog\lib-link.write.1.tlog
c:\users\hp\documents\programming\cpp\meteor\build\bin-int\debug\meteor\windows x86_64\meteor.tlog\lib.command.1.tlog
